{
  FSPath: [Function: FSPath],
  PhysicalGFSManager: [Function: PhysicalGFSManager],
  PhysicalFSManager: [Function: PhysicalFSManager],
  VirtualFSManager: [Function: VirtualFSManager],
  VirtualStoredContentManager: [Function: VirtualStoredContentManager],
  SimpleVirtualStoredContentManager: [Function: SimpleVirtualStoredContentManager],
  VirtualStoredFSManager: [Function: VirtualStoredFSManager],
  SerializedObject: [Function: SerializedObject],
  unserialize: [Function: unserialize],
  serialize: [Function: serialize],
  RootFSManager: [Function: RootFSManager],
  WebDAVServerOptions: [Function: WebDAVServerOptions],
  default: [Function: WebDAVServerOptions],
  setDefaultServerOptions: [Function: setDefaultServerOptions],
  HTTPCodes: {
    Continue: 100,
    SwitchingProtocols: 101,
    Processing: 102,
    OK: 200,
    Created: 201,
    Accepted: 202,
    NonAuthoritativeInformation: 203,
    NoContent: 204,
    ResetContent: 205,
    PartialContent: 206,
    MultiStatus: 207,
    MultipleChoices: 300,
    MovedPermanently: 301,
    MovedTemporarily: 302,
    SeeOther: 303,
    NotModified: 304,
    UseProxy: 305,
    TemporaryRedirect: 307,
    BadRequest: 400,
    Unauthorized: 401,
    PaymentRequired: 402,
    Forbidden: 403,
    NotFound: 404,
    MethodNotAllowed: 405,
    NotAcceptable: 406,
    ProxyAuthenticationRequired: 407,
    RequestTimeout: 408,
    Conflict: 409,
    Gone: 410,
    LengthRequired: 411,
    PreconditionFailed: 412,
    RequestEntityTooLarge: 413,
    RequestURITooLarge: 414,
    UnsupportedMediaType: 415,
    RequestedRangeNotSatisfiable: 416,
    ExpectationFailed: 417,
    ImATeapot: 418,
    UnprocessableEntity: 422,
    Locked: 423,
    FailedDependency: 424,
    UnorderedCollection: 425,
    UpgradeRequired: 426,
    PreconditionRequired: 428,
    TooManyRequests: 429,
    RequestHeaderFieldsTooLarge: 431,
    InternalServerError: 500,
    NotImplemented: 501,
    BadGateway: 502,
    ServiceUnavailable: 503,
    GatewayTimeout: 504,
    HTTPVersionNotSupported: 505,
    VariantAlsoNegotiates: 506,
    InsufficientStorage: 507,
    BandwidthLimitExceeded: 509,
    NotExtended: 510,
    NetworkAuthenticationRequired: 511
  },
  MethodCallArgs: [Function: MethodCallArgs] { create: [Function (anonymous)] },
  WebDAVServer: [Function: WebDAVServer],
  PhysicalResource: [Function: PhysicalResource],
  PhysicalGateway: [Function: PhysicalGateway],
  PhysicalFolder: [Function: PhysicalFolder] { loadFromPath: [Function (anonymous)] },
  PhysicalFile: [Function: PhysicalFile],
  VirtualResource: [Function: VirtualResource],
  VirtualFolder: [Function: VirtualFolder],
  VirtualFileReadable: [Function: VirtualFileReadable],
  VirtualFileWritable: [Function: VirtualFileWritable],
  VirtualFile: [Function: VirtualFile],
  VirtualStoredResource: [Function: VirtualStoredResource],
  VirtualStoredFolder: [Function: VirtualStoredFolder],
  VirtualStoredFile: [Function: VirtualStoredFile],
  StandardResource: [Function: StandardResource] {
    sizeOfSubFiles: [Function (anonymous)],
    standardRemoveFromParent: [Function (anonymous)],
    standardAddToParent: [Function (anonymous)],
    standardFindChildren: [Function (anonymous)],
    standardFindChildByName: [Function (anonymous)],
    standardMoveByCopy: [Function (anonymous)],
    standardMoveTo: [Function (anonymous)],
    standardMoveWithoutCopy: [Function (anonymous)],
    standardMimeType: [Function (anonymous)]
  },
  ResourceChildren: [Function: ResourceChildren],
  RootResource: [Function: RootResource],
  ResourceTester: [Function: ResourceTester] { uuid: 0 },
  SimpleResourceWrapper: [Function: SimpleResourceWrapper],
  ResourceWrapper: [Function: ResourceWrapper],
  ResourceType: [Function: ResourceType] {
    File: ResourceType { isFile: true, isDirectory: false },
    Directory: ResourceType { isFile: false, isDirectory: true },
    Hibrid: ResourceType { isFile: true, isDirectory: true },
    NoResource: ResourceType { isFile: false, isDirectory: false }
  },
  ETag: [Function: ETag] { createETag: [Function (anonymous)] },
  LockScope: [Function: LockScope] {
    Shared: LockScope { value: 'shared' },
    Exclusive: LockScope { value: 'exclusive' }
  },
  LockKind: [Function: LockKind],
  LockType: [Function: LockType] { Write: LockType { value: 'write' } },
  LockBag: [Function: LockBag],
  Lock: [Function: Lock] { generateUUID: [Function (anonymous)] },
  HTTPDigestAuthentication: [Function: HTTPDigestAuthentication],
  HTTPBasicAuthentication: [Function: HTTPBasicAuthentication],
  SimplePathPrivilegeManager: [Function: SimplePathPrivilegeManager],
  SimplePrivilegeManager: [Function: SimplePrivilegeManager],
  FakePrivilegeManager: [Function: FakePrivilegeManager],
  requirePrivilege: [Function: requirePrivilege],
  hasNoWriteLock: [Function: hasNoWriteLock],
  SimpleUserManager: [Function: SimpleUserManager],
  SimpleUser: [Function: SimpleUser],
  extractOneToken: [Function: extractOneToken],
  parseIfHeader: [Function: parseIfHeader],
  Workflow: [Function: Workflow],
  WorkflowUnique: [Function: WorkflowUnique],
  ManagerNotFound: [Function: ManagerNotFound],
  SerializerNotFound: [Function: SerializerNotFound],
  HTTPError: [Function: HTTPError],
  Errors: {
    BadAuthentication: Error: Bad authentication.
        at Object.<anonymous> (/home/gpt/src/webdav/node_modules/webdav-server/lib/Errors.js:49:24)
        at Module._compile (node:internal/modules/cjs/loader:1256:14)
        at Module._extensions..js (node:internal/modules/cjs/loader:1310:10)
        at Module.load (node:internal/modules/cjs/loader:1119:32)
        at Module._load (node:internal/modules/cjs/loader:960:12)
        at Module.require (node:internal/modules/cjs/loader:1143:19)
        at require (node:internal/modules/cjs/helpers:121:18)
        at Object.<anonymous> (/home/gpt/src/webdav/node_modules/webdav-server/lib/resource/v1/std/ResourceChildren.js:3:16)
        at Module._compile (node:internal/modules/cjs/loader:1256:14)
        at Module._extensions..js (node:internal/modules/cjs/loader:1310:10),
    AuenticationPropertyMissing: Error: Properties are missing.
        at Object.<anonymous> (/home/gpt/src/webdav/node_modules/webdav-server/lib/Errors.js:47:37)
        at Module._compile (node:internal/modules/cjs/loader:1256:14)
        at Module._extensions..js (node:internal/modules/cjs/loader:1310:10)
        at Module.load (node:internal/modules/cjs/loader:1119:32)
        at Module._load (node:internal/modules/cjs/loader:960:12)
        at Module.require (node:internal/modules/cjs/loader:1143:19)
        at require (node:internal/modules/cjs/helpers:121:18)
        at Object.<anonymous> (/home/gpt/src/webdav/node_modules/webdav-server/lib/resource/v1/std/ResourceChildren.js:3:16)
        at Module._compile (node:internal/modules/cjs/loader:1256:14)
        at Module._extensions..js (node:internal/modules/cjs/loader:1310:10),
    AuthenticationPropertyMissing: Error: Properties are missing.
        at Object.<anonymous> (/home/gpt/src/webdav/node_modules/webdav-server/lib/Errors.js:47:37)
        at Module._compile (node:internal/modules/cjs/loader:1256:14)
        at Module._extensions..js (node:internal/modules/cjs/loader:1310:10)
        at Module.load (node:internal/modules/cjs/loader:1119:32)
        at Module._load (node:internal/modules/cjs/loader:960:12)
        at Module.require (node:internal/modules/cjs/loader:1143:19)
        at require (node:internal/modules/cjs/helpers:121:18)
        at Object.<anonymous> (/home/gpt/src/webdav/node_modules/webdav-server/lib/resource/v1/std/ResourceChildren.js:3:16)
        at Module._compile (node:internal/modules/cjs/loader:1256:14)
        at Module._extensions..js (node:internal/modules/cjs/loader:1310:10),
    WrongHeaderFormat: Error: Wrong header format.
        at Object.<anonymous> (/home/gpt/src/webdav/node_modules/webdav-server/lib/Errors.js:52:24)
        at Module._compile (node:internal/modules/cjs/loader:1256:14)
        at Module._extensions..js (node:internal/modules/cjs/loader:1310:10)
        at Module.load (node:internal/modules/cjs/loader:1119:32)
        at Module._load (node:internal/modules/cjs/loader:960:12)
        at Module.require (node:internal/modules/cjs/loader:1143:19)
        at require (node:internal/modules/cjs/helpers:121:18)
        at Object.<anonymous> (/home/gpt/src/webdav/node_modules/webdav-server/lib/resource/v1/std/ResourceChildren.js:3:16)
        at Module._compile (node:internal/modules/cjs/loader:1256:14)
        at Module._extensions..js (node:internal/modules/cjs/loader:1310:10),
    MissingAuthorisationHeader: Error: Missing Authorization header.
        at Object.<anonymous> (/home/gpt/src/webdav/node_modules/webdav-server/lib/Errors.js:53:33)
        at Module._compile (node:internal/modules/cjs/loader:1256:14)
        at Module._extensions..js (node:internal/modules/cjs/loader:1310:10)
        at Module.load (node:internal/modules/cjs/loader:1119:32)
        at Module._load (node:internal/modules/cjs/loader:960:12)
        at Module.require (node:internal/modules/cjs/loader:1143:19)
        at require (node:internal/modules/cjs/helpers:121:18)
        at Object.<anonymous> (/home/gpt/src/webdav/node_modules/webdav-server/lib/resource/v1/std/ResourceChildren.js:3:16)
        at Module._compile (node:internal/modules/cjs/loader:1256:14)
        at Module._extensions..js (node:internal/modules/cjs/loader:1310:10),
    UnrecognizedResource: Error: Unrecognized resource.
        at Object.<anonymous> (/home/gpt/src/webdav/node_modules/webdav-server/lib/Errors.js:54:27)
        at Module._compile (node:internal/modules/cjs/loader:1256:14)
        at Module._extensions..js (node:internal/modules/cjs/loader:1310:10)
        at Module.load (node:internal/modules/cjs/loader:1119:32)
        at Module._load (node:internal/modules/cjs/loader:960:12)
        at Module.require (node:internal/modules/cjs/loader:1143:19)
        at require (node:internal/modules/cjs/helpers:121:18)
        at Object.<anonymous> (/home/gpt/src/webdav/node_modules/webdav-server/lib/resource/v1/std/ResourceChildren.js:3:16)
        at Module._compile (node:internal/modules/cjs/loader:1256:14)
        at Module._extensions..js (node:internal/modules/cjs/loader:1310:10),
    ParentPropertiesMissing: Error: The parent resource must have some special properties.
        at Object.<anonymous> (/home/gpt/src/webdav/node_modules/webdav-server/lib/Errors.js:55:30)
        at Module._compile (node:internal/modules/cjs/loader:1256:14)
        at Module._extensions..js (node:internal/modules/cjs/loader:1310:10)
        at Module.load (node:internal/modules/cjs/loader:1119:32)
        at Module._load (node:internal/modules/cjs/loader:960:12)
        at Module.require (node:internal/modules/cjs/loader:1143:19)
        at require (node:internal/modules/cjs/helpers:121:18)
        at Object.<anonymous> (/home/gpt/src/webdav/node_modules/webdav-server/lib/resource/v1/std/ResourceChildren.js:3:16)
        at Module._compile (node:internal/modules/cjs/loader:1256:14)
        at Module._extensions..js (node:internal/modules/cjs/loader:1310:10),
    InvalidOperation: Error: Invalid operation.
        at Object.<anonymous> (/home/gpt/src/webdav/node_modules/webdav-server/lib/Errors.js:56:23)
        at Module._compile (node:internal/modules/cjs/loader:1256:14)
        at Module._extensions..js (node:internal/modules/cjs/loader:1310:10)
        at Module.load (node:internal/modules/cjs/loader:1119:32)
        at Module._load (node:internal/modules/cjs/loader:960:12)
        at Module.require (node:internal/modules/cjs/loader:1143:19)
        at require (node:internal/modules/cjs/helpers:121:18)
        at Object.<anonymous> (/home/gpt/src/webdav/node_modules/webdav-server/lib/resource/v1/std/ResourceChildren.js:3:16)
        at Module._compile (node:internal/modules/cjs/loader:1256:14)
        at Module._extensions..js (node:internal/modules/cjs/loader:1310:10),
    ResourceAlreadyExists: Error: The resource already exists.
        at Object.<anonymous> (/home/gpt/src/webdav/node_modules/webdav-server/lib/Errors.js:57:28)
        at Module._compile (node:internal/modules/cjs/loader:1256:14)
        at Module._extensions..js (node:internal/modules/cjs/loader:1310:10)
        at Module.load (node:internal/modules/cjs/loader:1119:32)
        at Module._load (node:internal/modules/cjs/loader:960:12)
        at Module.require (node:internal/modules/cjs/loader:1143:19)
        at require (node:internal/modules/cjs/helpers:121:18)
        at Object.<anonymous> (/home/gpt/src/webdav/node_modules/webdav-server/lib/resource/v1/std/ResourceChildren.js:3:16)
        at Module._compile (node:internal/modules/cjs/loader:1256:14)
        at Module._extensions..js (node:internal/modules/cjs/loader:1310:10),
    ResourceNotFound: Error: Can't find the resource.
        at Object.<anonymous> (/home/gpt/src/webdav/node_modules/webdav-server/lib/Errors.js:58:23)
        at Module._compile (node:internal/modules/cjs/loader:1256:14)
        at Module._extensions..js (node:internal/modules/cjs/loader:1310:10)
        at Module.load (node:internal/modules/cjs/loader:1119:32)
        at Module._load (node:internal/modules/cjs/loader:960:12)
        at Module.require (node:internal/modules/cjs/loader:1143:19)
        at require (node:internal/modules/cjs/helpers:121:18)
        at Object.<anonymous> (/home/gpt/src/webdav/node_modules/webdav-server/lib/resource/v1/std/ResourceChildren.js:3:16)
        at Module._compile (node:internal/modules/cjs/loader:1256:14)
        at Module._extensions..js (node:internal/modules/cjs/loader:1310:10),
    CannotLockResource: Error: Can't lock the resource.
        at Object.<anonymous> (/home/gpt/src/webdav/node_modules/webdav-server/lib/Errors.js:59:25)
        at Module._compile (node:internal/modules/cjs/loader:1256:14)
        at Module._extensions..js (node:internal/modules/cjs/loader:1310:10)
        at Module.load (node:internal/modules/cjs/loader:1119:32)
        at Module._load (node:internal/modules/cjs/loader:960:12)
        at Module.require (node:internal/modules/cjs/loader:1143:19)
        at require (node:internal/modules/cjs/helpers:121:18)
        at Object.<anonymous> (/home/gpt/src/webdav/node_modules/webdav-server/lib/resource/v1/std/ResourceChildren.js:3:16)
        at Module._compile (node:internal/modules/cjs/loader:1256:14)
        at Module._extensions..js (node:internal/modules/cjs/loader:1310:10),
    PropertyNotFound: Error: No property with such name.
        at Object.<anonymous> (/home/gpt/src/webdav/node_modules/webdav-server/lib/Errors.js:60:23)
        at Module._compile (node:internal/modules/cjs/loader:1256:14)
        at Module._extensions..js (node:internal/modules/cjs/loader:1310:10)
        at Module.load (node:internal/modules/cjs/loader:1119:32)
        at Module._load (node:internal/modules/cjs/loader:960:12)
        at Module.require (node:internal/modules/cjs/loader:1143:19)
        at require (node:internal/modules/cjs/helpers:121:18)
        at Object.<anonymous> (/home/gpt/src/webdav/node_modules/webdav-server/lib/resource/v1/std/ResourceChildren.js:3:16)
        at Module._compile (node:internal/modules/cjs/loader:1256:14)
        at Module._extensions..js (node:internal/modules/cjs/loader:1310:10),
    AlreadyAuthenticated: Error: Already authenticated.
        at Object.<anonymous> (/home/gpt/src/webdav/node_modules/webdav-server/lib/Errors.js:61:27)
        at Module._compile (node:internal/modules/cjs/loader:1256:14)
        at Module._extensions..js (node:internal/modules/cjs/loader:1310:10)
        at Module.load (node:internal/modules/cjs/loader:1119:32)
        at Module._load (node:internal/modules/cjs/loader:960:12)
        at Module.require (node:internal/modules/cjs/loader:1143:19)
        at require (node:internal/modules/cjs/helpers:121:18)
        at Object.<anonymous> (/home/gpt/src/webdav/node_modules/webdav-server/lib/resource/v1/std/ResourceChildren.js:3:16)
        at Module._compile (node:internal/modules/cjs/loader:1256:14)
        at Module._extensions..js (node:internal/modules/cjs/loader:1310:10),
    UserNotFound: Error: User not found.
        at Object.<anonymous> (/home/gpt/src/webdav/node_modules/webdav-server/lib/Errors.js:62:19)
        at Module._compile (node:internal/modules/cjs/loader:1256:14)
        at Module._extensions..js (node:internal/modules/cjs/loader:1310:10)
        at Module.load (node:internal/modules/cjs/loader:1119:32)
        at Module._load (node:internal/modules/cjs/loader:960:12)
        at Module.require (node:internal/modules/cjs/loader:1143:19)
        at require (node:internal/modules/cjs/helpers:121:18)
        at Object.<anonymous> (/home/gpt/src/webdav/node_modules/webdav-server/lib/resource/v1/std/ResourceChildren.js:3:16)
        at Module._compile (node:internal/modules/cjs/loader:1256:14)
        at Module._extensions..js (node:internal/modules/cjs/loader:1310:10),
    XMLNotFound: Error: Can't find the XML element : 
        at Object.<anonymous> (/home/gpt/src/webdav/node_modules/webdav-server/lib/Errors.js:63:18)
        at Module._compile (node:internal/modules/cjs/loader:1256:14)
        at Module._extensions..js (node:internal/modules/cjs/loader:1310:10)
        at Module.load (node:internal/modules/cjs/loader:1119:32)
        at Module._load (node:internal/modules/cjs/loader:960:12)
        at Module.require (node:internal/modules/cjs/loader:1143:19)
        at require (node:internal/modules/cjs/helpers:121:18)
        at Object.<anonymous> (/home/gpt/src/webdav/node_modules/webdav-server/lib/resource/v1/std/ResourceChildren.js:3:16)
        at Module._compile (node:internal/modules/cjs/loader:1256:14)
        at Module._extensions..js (node:internal/modules/cjs/loader:1310:10),
    ExpectedAFileResourceType: Error: Expected a file resource type.
        at Object.<anonymous> (/home/gpt/src/webdav/node_modules/webdav-server/lib/Errors.js:64:32)
        at Module._compile (node:internal/modules/cjs/loader:1256:14)
        at Module._extensions..js (node:internal/modules/cjs/loader:1310:10)
        at Module.load (node:internal/modules/cjs/loader:1119:32)
        at Module._load (node:internal/modules/cjs/loader:960:12)
        at Module.require (node:internal/modules/cjs/loader:1143:19)
        at require (node:internal/modules/cjs/helpers:121:18)
        at Object.<anonymous> (/home/gpt/src/webdav/node_modules/webdav-server/lib/resource/v1/std/ResourceChildren.js:3:16)
        at Module._compile (node:internal/modules/cjs/loader:1256:14)
        at Module._extensions..js (node:internal/modules/cjs/loader:1310:10),
    NoMimeTypeForAFolder: Error: Cannot get the mime type of a folder type resource.
        at Object.<anonymous> (/home/gpt/src/webdav/node_modules/webdav-server/lib/Errors.js:65:27)
        at Module._compile (node:internal/modules/cjs/loader:1256:14)
        at Module._extensions..js (node:internal/modules/cjs/loader:1310:10)
        at Module.load (node:internal/modules/cjs/loader:1119:32)
        at Module._load (node:internal/modules/cjs/loader:960:12)
        at Module.require (node:internal/modules/cjs/loader:1143:19)
        at require (node:internal/modules/cjs/helpers:121:18)
        at Object.<anonymous> (/home/gpt/src/webdav/node_modules/webdav-server/lib/resource/v1/std/ResourceChildren.js:3:16)
        at Module._compile (node:internal/modules/cjs/loader:1256:14)
        at Module._extensions..js (node:internal/modules/cjs/loader:1310:10),
    NoSizeForAFolder: Error: Cannot get the size of a folder type resource.
        at Object.<anonymous> (/home/gpt/src/webdav/node_modules/webdav-server/lib/Errors.js:66:23)
        at Module._compile (node:internal/modules/cjs/loader:1256:14)
        at Module._extensions..js (node:internal/modules/cjs/loader:1310:10)
        at Module.load (node:internal/modules/cjs/loader:1119:32)
        at Module._load (node:internal/modules/cjs/loader:960:12)
        at Module.require (node:internal/modules/cjs/loader:1143:19)
        at require (node:internal/modules/cjs/helpers:121:18)
        at Object.<anonymous> (/home/gpt/src/webdav/node_modules/webdav-server/lib/resource/v1/std/ResourceChildren.js:3:16)
        at Module._compile (node:internal/modules/cjs/loader:1256:14)
        at Module._extensions..js (node:internal/modules/cjs/loader:1310:10),
    IllegalArguments: Error: Illegal arguments.
        at Object.<anonymous> (/home/gpt/src/webdav/node_modules/webdav-server/lib/Errors.js:67:23)
        at Module._compile (node:internal/modules/cjs/loader:1256:14)
        at Module._extensions..js (node:internal/modules/cjs/loader:1310:10)
        at Module.load (node:internal/modules/cjs/loader:1119:32)
        at Module._load (node:internal/modules/cjs/loader:960:12)
        at Module.require (node:internal/modules/cjs/loader:1143:19)
        at require (node:internal/modules/cjs/helpers:121:18)
        at Object.<anonymous> (/home/gpt/src/webdav/node_modules/webdav-server/lib/resource/v1/std/ResourceChildren.js:3:16)
        at Module._compile (node:internal/modules/cjs/loader:1256:14)
        at Module._extensions..js (node:internal/modules/cjs/loader:1310:10),
    MustIgnore: Error: There was an error but it must not stop the processing.
        at Object.<anonymous> (/home/gpt/src/webdav/node_modules/webdav-server/lib/Errors.js:68:17)
        at Module._compile (node:internal/modules/cjs/loader:1256:14)
        at Module._extensions..js (node:internal/modules/cjs/loader:1310:10)
        at Module.load (node:internal/modules/cjs/loader:1119:32)
        at Module._load (node:internal/modules/cjs/loader:960:12)
        at Module.require (node:internal/modules/cjs/loader:1143:19)
        at require (node:internal/modules/cjs/helpers:121:18)
        at Object.<anonymous> (/home/gpt/src/webdav/node_modules/webdav-server/lib/resource/v1/std/ResourceChildren.js:3:16)
        at Module._compile (node:internal/modules/cjs/loader:1256:14)
        at Module._extensions..js (node:internal/modules/cjs/loader:1310:10),
    Locked: Error: The resource is locked, operation forbidden.
        at Object.<anonymous> (/home/gpt/src/webdav/node_modules/webdav-server/lib/Errors.js:69:13)
        at Module._compile (node:internal/modules/cjs/loader:1256:14)
        at Module._extensions..js (node:internal/modules/cjs/loader:1310:10)
        at Module.load (node:internal/modules/cjs/loader:1119:32)
        at Module._load (node:internal/modules/cjs/loader:960:12)
        at Module.require (node:internal/modules/cjs/loader:1143:19)
        at require (node:internal/modules/cjs/helpers:121:18)
        at Object.<anonymous> (/home/gpt/src/webdav/node_modules/webdav-server/lib/resource/v1/std/ResourceChildren.js:3:16)
        at Module._compile (node:internal/modules/cjs/loader:1256:14)
        at Module._extensions..js (node:internal/modules/cjs/loader:1310:10),
    InsufficientStorage: Error: Insufficient storage space.
        at Object.<anonymous> (/home/gpt/src/webdav/node_modules/webdav-server/lib/Errors.js:70:26)
        at Module._compile (node:internal/modules/cjs/loader:1256:14)
        at Module._extensions..js (node:internal/modules/cjs/loader:1310:10)
        at Module.load (node:internal/modules/cjs/loader:1119:32)
        at Module._load (node:internal/modules/cjs/loader:960:12)
        at Module.require (node:internal/modules/cjs/loader:1143:19)
        at require (node:internal/modules/cjs/helpers:121:18)
        at Object.<anonymous> (/home/gpt/src/webdav/node_modules/webdav-server/lib/resource/v1/std/ResourceChildren.js:3:16)
        at Module._compile (node:internal/modules/cjs/loader:1256:14)
        at Module._extensions..js (node:internal/modules/cjs/loader:1310:10),
    IntermediateResourceMissing: Error: One or more intermediate resources are missing for this operation.
        at Object.<anonymous> (/home/gpt/src/webdav/node_modules/webdav-server/lib/Errors.js:71:34)
        at Module._compile (node:internal/modules/cjs/loader:1256:14)
        at Module._extensions..js (node:internal/modules/cjs/loader:1310:10)
        at Module.load (node:internal/modules/cjs/loader:1119:32)
        at Module._load (node:internal/modules/cjs/loader:960:12)
        at Module.require (node:internal/modules/cjs/loader:1143:19)
        at require (node:internal/modules/cjs/helpers:121:18)
        at Object.<anonymous> (/home/gpt/src/webdav/node_modules/webdav-server/lib/resource/v1/std/ResourceChildren.js:3:16)
        at Module._compile (node:internal/modules/cjs/loader:1256:14)
        at Module._extensions..js (node:internal/modules/cjs/loader:1310:10),
    WrongParentTypeForCreation: Error: Cannot create a child resource to a non directory resource.
        at Object.<anonymous> (/home/gpt/src/webdav/node_modules/webdav-server/lib/Errors.js:72:33)
        at Module._compile (node:internal/modules/cjs/loader:1256:14)
        at Module._extensions..js (node:internal/modules/cjs/loader:1310:10)
        at Module.load (node:internal/modules/cjs/loader:1119:32)
        at Module._load (node:internal/modules/cjs/loader:960:12)
        at Module.require (node:internal/modules/cjs/loader:1143:19)
        at require (node:internal/modules/cjs/helpers:121:18)
        at Object.<anonymous> (/home/gpt/src/webdav/node_modules/webdav-server/lib/resource/v1/std/ResourceChildren.js:3:16)
        at Module._compile (node:internal/modules/cjs/loader:1256:14)
        at Module._extensions..js (node:internal/modules/cjs/loader:1310:10),
    NotEnoughPrivilege: Error: Not enough privilege.
        at Object.<anonymous> (/home/gpt/src/webdav/node_modules/webdav-server/lib/Errors.js:73:25)
        at Module._compile (node:internal/modules/cjs/loader:1256:14)
        at Module._extensions..js (node:internal/modules/cjs/loader:1310:10)
        at Module.load (node:internal/modules/cjs/loader:1119:32)
        at Module._load (node:internal/modules/cjs/loader:960:12)
        at Module.require (node:internal/modules/cjs/loader:1143:19)
        at require (node:internal/modules/cjs/helpers:121:18)
        at Object.<anonymous> (/home/gpt/src/webdav/node_modules/webdav-server/lib/resource/v1/std/ResourceChildren.js:3:16)
        at Module._compile (node:internal/modules/cjs/loader:1256:14)
        at Module._extensions..js (node:internal/modules/cjs/loader:1310:10),
    Forbidden: Error: Forbidden operation.
        at Object.<anonymous> (/home/gpt/src/webdav/node_modules/webdav-server/lib/Errors.js:74:16)
        at Module._compile (node:internal/modules/cjs/loader:1256:14)
        at Module._extensions..js (node:internal/modules/cjs/loader:1310:10)
        at Module.load (node:internal/modules/cjs/loader:1119:32)
        at Module._load (node:internal/modules/cjs/loader:960:12)
        at Module.require (node:internal/modules/cjs/loader:1143:19)
        at require (node:internal/modules/cjs/helpers:121:18)
        at Object.<anonymous> (/home/gpt/src/webdav/node_modules/webdav-server/lib/resource/v1/std/ResourceChildren.js:3:16)
        at Module._compile (node:internal/modules/cjs/loader:1256:14)
        at Module._extensions..js (node:internal/modules/cjs/loader:1310:10),
    None: null
  },
  v1: {
    FSPath: [Function: FSPath],
    PhysicalGFSManager: [Function: PhysicalGFSManager],
    PhysicalFSManager: [Function: PhysicalFSManager],
    VirtualFSManager: [Function: VirtualFSManager],
    VirtualStoredContentManager: [Function: VirtualStoredContentManager],
    SimpleVirtualStoredContentManager: [Function: SimpleVirtualStoredContentManager],
    VirtualStoredFSManager: [Function: VirtualStoredFSManager],
    SerializedObject: [Function: SerializedObject],
    unserialize: [Function: unserialize],
    serialize: [Function: serialize],
    RootFSManager: [Function: RootFSManager],
    WebDAVServerOptions: [Function: WebDAVServerOptions],
    default: [Function: WebDAVServerOptions],
    setDefaultServerOptions: [Function: setDefaultServerOptions],
    HTTPCodes: {
      Continue: 100,
      SwitchingProtocols: 101,
      Processing: 102,
      OK: 200,
      Created: 201,
      Accepted: 202,
      NonAuthoritativeInformation: 203,
      NoContent: 204,
      ResetContent: 205,
      PartialContent: 206,
      MultiStatus: 207,
      MultipleChoices: 300,
      MovedPermanently: 301,
      MovedTemporarily: 302,
      SeeOther: 303,
      NotModified: 304,
      UseProxy: 305,
      TemporaryRedirect: 307,
      BadRequest: 400,
      Unauthorized: 401,
      PaymentRequired: 402,
      Forbidden: 403,
      NotFound: 404,
      MethodNotAllowed: 405,
      NotAcceptable: 406,
      ProxyAuthenticationRequired: 407,
      RequestTimeout: 408,
      Conflict: 409,
      Gone: 410,
      LengthRequired: 411,
      PreconditionFailed: 412,
      RequestEntityTooLarge: 413,
      RequestURITooLarge: 414,
      UnsupportedMediaType: 415,
      RequestedRangeNotSatisfiable: 416,
      ExpectationFailed: 417,
      ImATeapot: 418,
      UnprocessableEntity: 422,
      Locked: 423,
      FailedDependency: 424,
      UnorderedCollection: 425,
      UpgradeRequired: 426,
      PreconditionRequired: 428,
      TooManyRequests: 429,
      RequestHeaderFieldsTooLarge: 431,
      InternalServerError: 500,
      NotImplemented: 501,
      BadGateway: 502,
      ServiceUnavailable: 503,
      GatewayTimeout: 504,
      HTTPVersionNotSupported: 505,
      VariantAlsoNegotiates: 506,
      InsufficientStorage: 507,
      BandwidthLimitExceeded: 509,
      NotExtended: 510,
      NetworkAuthenticationRequired: 511
    },
    MethodCallArgs: [Function: MethodCallArgs] { create: [Function (anonymous)] },
    WebDAVServer: [Function: WebDAVServer],
    PhysicalResource: [Function: PhysicalResource],
    PhysicalGateway: [Function: PhysicalGateway],
    PhysicalFolder: [Function: PhysicalFolder] { loadFromPath: [Function (anonymous)] },
    PhysicalFile: [Function: PhysicalFile],
    VirtualResource: [Function: VirtualResource],
    VirtualFolder: [Function: VirtualFolder],
    VirtualFileReadable: [Function: VirtualFileReadable],
    VirtualFileWritable: [Function: VirtualFileWritable],
    VirtualFile: [Function: VirtualFile],
    VirtualStoredResource: [Function: VirtualStoredResource],
    VirtualStoredFolder: [Function: VirtualStoredFolder],
    VirtualStoredFile: [Function: VirtualStoredFile],
    StandardResource: [Function: StandardResource] {
      sizeOfSubFiles: [Function (anonymous)],
      standardRemoveFromParent: [Function (anonymous)],
      standardAddToParent: [Function (anonymous)],
      standardFindChildren: [Function (anonymous)],
      standardFindChildByName: [Function (anonymous)],
      standardMoveByCopy: [Function (anonymous)],
      standardMoveTo: [Function (anonymous)],
      standardMoveWithoutCopy: [Function (anonymous)],
      standardMimeType: [Function (anonymous)]
    },
    ResourceChildren: [Function: ResourceChildren],
    RootResource: [Function: RootResource],
    ResourceTester: [Function: ResourceTester] { uuid: 0 },
    SimpleResourceWrapper: [Function: SimpleResourceWrapper],
    ResourceWrapper: [Function: ResourceWrapper],
    ResourceType: [Function: ResourceType] {
      File: [ResourceType],
      Directory: [ResourceType],
      Hibrid: [ResourceType],
      NoResource: [ResourceType]
    },
    ETag: [Function: ETag] { createETag: [Function (anonymous)] },
    LockScope: [Function: LockScope] {
      Shared: [LockScope],
      Exclusive: [LockScope]
    },
    LockKind: [Function: LockKind],
    LockType: [Function: LockType] { Write: [LockType] },
    LockBag: [Function: LockBag],
    Lock: [Function: Lock] { generateUUID: [Function (anonymous)] },
    HTTPDigestAuthentication: [Function: HTTPDigestAuthentication],
    HTTPBasicAuthentication: [Function: HTTPBasicAuthentication],
    SimplePathPrivilegeManager: [Function: SimplePathPrivilegeManager],
    SimplePrivilegeManager: [Function: SimplePrivilegeManager],
    FakePrivilegeManager: [Function: FakePrivilegeManager],
    requirePrivilege: [Function: requirePrivilege],
    hasNoWriteLock: [Function: hasNoWriteLock],
    SimpleUserManager: [Function: SimpleUserManager],
    SimpleUser: [Function: SimpleUser],
    extractOneToken: [Function: extractOneToken],
    parseIfHeader: [Function: parseIfHeader],
    Workflow: [Function: Workflow],
    WorkflowUnique: [Function: WorkflowUnique],
    ManagerNotFound: [Function: ManagerNotFound],
    SerializerNotFound: [Function: SerializerNotFound],
    HTTPError: [Function: HTTPError],
    Errors: {
      BadAuthentication: Error: Bad authentication.
          at Object.<anonymous> (/home/gpt/src/webdav/node_modules/webdav-server/lib/Errors.js:49:24)
          at Module._compile (node:internal/modules/cjs/loader:1256:14)
          at Module._extensions..js (node:internal/modules/cjs/loader:1310:10)
          at Module.load (node:internal/modules/cjs/loader:1119:32)
          at Module._load (node:internal/modules/cjs/loader:960:12)
          at Module.require (node:internal/modules/cjs/loader:1143:19)
          at require (node:internal/modules/cjs/helpers:121:18)
          at Object.<anonymous> (/home/gpt/src/webdav/node_modules/webdav-server/lib/resource/v1/std/ResourceChildren.js:3:16)
          at Module._compile (node:internal/modules/cjs/loader:1256:14)
          at Module._extensions..js (node:internal/modules/cjs/loader:1310:10),
      AuenticationPropertyMissing: Error: Properties are missing.
          at Object.<anonymous> (/home/gpt/src/webdav/node_modules/webdav-server/lib/Errors.js:47:37)
          at Module._compile (node:internal/modules/cjs/loader:1256:14)
          at Module._extensions..js (node:internal/modules/cjs/loader:1310:10)
          at Module.load (node:internal/modules/cjs/loader:1119:32)
          at Module._load (node:internal/modules/cjs/loader:960:12)
          at Module.require (node:internal/modules/cjs/loader:1143:19)
          at require (node:internal/modules/cjs/helpers:121:18)
          at Object.<anonymous> (/home/gpt/src/webdav/node_modules/webdav-server/lib/resource/v1/std/ResourceChildren.js:3:16)
          at Module._compile (node:internal/modules/cjs/loader:1256:14)
          at Module._extensions..js (node:internal/modules/cjs/loader:1310:10),
      AuthenticationPropertyMissing: Error: Properties are missing.
          at Object.<anonymous> (/home/gpt/src/webdav/node_modules/webdav-server/lib/Errors.js:47:37)
          at Module._compile (node:internal/modules/cjs/loader:1256:14)
          at Module._extensions..js (node:internal/modules/cjs/loader:1310:10)
          at Module.load (node:internal/modules/cjs/loader:1119:32)
          at Module._load (node:internal/modules/cjs/loader:960:12)
          at Module.require (node:internal/modules/cjs/loader:1143:19)
          at require (node:internal/modules/cjs/helpers:121:18)
          at Object.<anonymous> (/home/gpt/src/webdav/node_modules/webdav-server/lib/resource/v1/std/ResourceChildren.js:3:16)
          at Module._compile (node:internal/modules/cjs/loader:1256:14)
          at Module._extensions..js (node:internal/modules/cjs/loader:1310:10),
      WrongHeaderFormat: Error: Wrong header format.
          at Object.<anonymous> (/home/gpt/src/webdav/node_modules/webdav-server/lib/Errors.js:52:24)
          at Module._compile (node:internal/modules/cjs/loader:1256:14)
          at Module._extensions..js (node:internal/modules/cjs/loader:1310:10)
          at Module.load (node:internal/modules/cjs/loader:1119:32)
          at Module._load (node:internal/modules/cjs/loader:960:12)
          at Module.require (node:internal/modules/cjs/loader:1143:19)
          at require (node:internal/modules/cjs/helpers:121:18)
          at Object.<anonymous> (/home/gpt/src/webdav/node_modules/webdav-server/lib/resource/v1/std/ResourceChildren.js:3:16)
          at Module._compile (node:internal/modules/cjs/loader:1256:14)
          at Module._extensions..js (node:internal/modules/cjs/loader:1310:10),
      MissingAuthorisationHeader: Error: Missing Authorization header.
          at Object.<anonymous> (/home/gpt/src/webdav/node_modules/webdav-server/lib/Errors.js:53:33)
          at Module._compile (node:internal/modules/cjs/loader:1256:14)
          at Module._extensions..js (node:internal/modules/cjs/loader:1310:10)
          at Module.load (node:internal/modules/cjs/loader:1119:32)
          at Module._load (node:internal/modules/cjs/loader:960:12)
          at Module.require (node:internal/modules/cjs/loader:1143:19)
          at require (node:internal/modules/cjs/helpers:121:18)
          at Object.<anonymous> (/home/gpt/src/webdav/node_modules/webdav-server/lib/resource/v1/std/ResourceChildren.js:3:16)
          at Module._compile (node:internal/modules/cjs/loader:1256:14)
          at Module._extensions..js (node:internal/modules/cjs/loader:1310:10),
      UnrecognizedResource: Error: Unrecognized resource.
          at Object.<anonymous> (/home/gpt/src/webdav/node_modules/webdav-server/lib/Errors.js:54:27)
          at Module._compile (node:internal/modules/cjs/loader:1256:14)
          at Module._extensions..js (node:internal/modules/cjs/loader:1310:10)
          at Module.load (node:internal/modules/cjs/loader:1119:32)
          at Module._load (node:internal/modules/cjs/loader:960:12)
          at Module.require (node:internal/modules/cjs/loader:1143:19)
          at require (node:internal/modules/cjs/helpers:121:18)
          at Object.<anonymous> (/home/gpt/src/webdav/node_modules/webdav-server/lib/resource/v1/std/ResourceChildren.js:3:16)
          at Module._compile (node:internal/modules/cjs/loader:1256:14)
          at Module._extensions..js (node:internal/modules/cjs/loader:1310:10),
      ParentPropertiesMissing: Error: The parent resource must have some special properties.
          at Object.<anonymous> (/home/gpt/src/webdav/node_modules/webdav-server/lib/Errors.js:55:30)
          at Module._compile (node:internal/modules/cjs/loader:1256:14)
          at Module._extensions..js (node:internal/modules/cjs/loader:1310:10)
          at Module.load (node:internal/modules/cjs/loader:1119:32)
          at Module._load (node:internal/modules/cjs/loader:960:12)
          at Module.require (node:internal/modules/cjs/loader:1143:19)
          at require (node:internal/modules/cjs/helpers:121:18)
          at Object.<anonymous> (/home/gpt/src/webdav/node_modules/webdav-server/lib/resource/v1/std/ResourceChildren.js:3:16)
          at Module._compile (node:internal/modules/cjs/loader:1256:14)
          at Module._extensions..js (node:internal/modules/cjs/loader:1310:10),
      InvalidOperation: Error: Invalid operation.
          at Object.<anonymous> (/home/gpt/src/webdav/node_modules/webdav-server/lib/Errors.js:56:23)
          at Module._compile (node:internal/modules/cjs/loader:1256:14)
          at Module._extensions..js (node:internal/modules/cjs/loader:1310:10)
          at Module.load (node:internal/modules/cjs/loader:1119:32)
          at Module._load (node:internal/modules/cjs/loader:960:12)
          at Module.require (node:internal/modules/cjs/loader:1143:19)
          at require (node:internal/modules/cjs/helpers:121:18)
          at Object.<anonymous> (/home/gpt/src/webdav/node_modules/webdav-server/lib/resource/v1/std/ResourceChildren.js:3:16)
          at Module._compile (node:internal/modules/cjs/loader:1256:14)
          at Module._extensions..js (node:internal/modules/cjs/loader:1310:10),
      ResourceAlreadyExists: Error: The resource already exists.
          at Object.<anonymous> (/home/gpt/src/webdav/node_modules/webdav-server/lib/Errors.js:57:28)
          at Module._compile (node:internal/modules/cjs/loader:1256:14)
          at Module._extensions..js (node:internal/modules/cjs/loader:1310:10)
          at Module.load (node:internal/modules/cjs/loader:1119:32)
          at Module._load (node:internal/modules/cjs/loader:960:12)
          at Module.require (node:internal/modules/cjs/loader:1143:19)
          at require (node:internal/modules/cjs/helpers:121:18)
          at Object.<anonymous> (/home/gpt/src/webdav/node_modules/webdav-server/lib/resource/v1/std/ResourceChildren.js:3:16)
          at Module._compile (node:internal/modules/cjs/loader:1256:14)
          at Module._extensions..js (node:internal/modules/cjs/loader:1310:10),
      ResourceNotFound: Error: Can't find the resource.
          at Object.<anonymous> (/home/gpt/src/webdav/node_modules/webdav-server/lib/Errors.js:58:23)
          at Module._compile (node:internal/modules/cjs/loader:1256:14)
          at Module._extensions..js (node:internal/modules/cjs/loader:1310:10)
          at Module.load (node:internal/modules/cjs/loader:1119:32)
          at Module._load (node:internal/modules/cjs/loader:960:12)
          at Module.require (node:internal/modules/cjs/loader:1143:19)
          at require (node:internal/modules/cjs/helpers:121:18)
          at Object.<anonymous> (/home/gpt/src/webdav/node_modules/webdav-server/lib/resource/v1/std/ResourceChildren.js:3:16)
          at Module._compile (node:internal/modules/cjs/loader:1256:14)
          at Module._extensions..js (node:internal/modules/cjs/loader:1310:10),
      CannotLockResource: Error: Can't lock the resource.
          at Object.<anonymous> (/home/gpt/src/webdav/node_modules/webdav-server/lib/Errors.js:59:25)
          at Module._compile (node:internal/modules/cjs/loader:1256:14)
          at Module._extensions..js (node:internal/modules/cjs/loader:1310:10)
          at Module.load (node:internal/modules/cjs/loader:1119:32)
          at Module._load (node:internal/modules/cjs/loader:960:12)
          at Module.require (node:internal/modules/cjs/loader:1143:19)
          at require (node:internal/modules/cjs/helpers:121:18)
          at Object.<anonymous> (/home/gpt/src/webdav/node_modules/webdav-server/lib/resource/v1/std/ResourceChildren.js:3:16)
          at Module._compile (node:internal/modules/cjs/loader:1256:14)
          at Module._extensions..js (node:internal/modules/cjs/loader:1310:10),
      PropertyNotFound: Error: No property with such name.
          at Object.<anonymous> (/home/gpt/src/webdav/node_modules/webdav-server/lib/Errors.js:60:23)
          at Module._compile (node:internal/modules/cjs/loader:1256:14)
          at Module._extensions..js (node:internal/modules/cjs/loader:1310:10)
          at Module.load (node:internal/modules/cjs/loader:1119:32)
          at Module._load (node:internal/modules/cjs/loader:960:12)
          at Module.require (node:internal/modules/cjs/loader:1143:19)
          at require (node:internal/modules/cjs/helpers:121:18)
          at Object.<anonymous> (/home/gpt/src/webdav/node_modules/webdav-server/lib/resource/v1/std/ResourceChildren.js:3:16)
          at Module._compile (node:internal/modules/cjs/loader:1256:14)
          at Module._extensions..js (node:internal/modules/cjs/loader:1310:10),
      AlreadyAuthenticated: Error: Already authenticated.
          at Object.<anonymous> (/home/gpt/src/webdav/node_modules/webdav-server/lib/Errors.js:61:27)
          at Module._compile (node:internal/modules/cjs/loader:1256:14)
          at Module._extensions..js (node:internal/modules/cjs/loader:1310:10)
          at Module.load (node:internal/modules/cjs/loader:1119:32)
          at Module._load (node:internal/modules/cjs/loader:960:12)
          at Module.require (node:internal/modules/cjs/loader:1143:19)
          at require (node:internal/modules/cjs/helpers:121:18)
          at Object.<anonymous> (/home/gpt/src/webdav/node_modules/webdav-server/lib/resource/v1/std/ResourceChildren.js:3:16)
          at Module._compile (node:internal/modules/cjs/loader:1256:14)
          at Module._extensions..js (node:internal/modules/cjs/loader:1310:10),
      UserNotFound: Error: User not found.
          at Object.<anonymous> (/home/gpt/src/webdav/node_modules/webdav-server/lib/Errors.js:62:19)
          at Module._compile (node:internal/modules/cjs/loader:1256:14)
          at Module._extensions..js (node:internal/modules/cjs/loader:1310:10)
          at Module.load (node:internal/modules/cjs/loader:1119:32)
          at Module._load (node:internal/modules/cjs/loader:960:12)
          at Module.require (node:internal/modules/cjs/loader:1143:19)
          at require (node:internal/modules/cjs/helpers:121:18)
          at Object.<anonymous> (/home/gpt/src/webdav/node_modules/webdav-server/lib/resource/v1/std/ResourceChildren.js:3:16)
          at Module._compile (node:internal/modules/cjs/loader:1256:14)
          at Module._extensions..js (node:internal/modules/cjs/loader:1310:10),
      XMLNotFound: Error: Can't find the XML element : 
          at Object.<anonymous> (/home/gpt/src/webdav/node_modules/webdav-server/lib/Errors.js:63:18)
          at Module._compile (node:internal/modules/cjs/loader:1256:14)
          at Module._extensions..js (node:internal/modules/cjs/loader:1310:10)
          at Module.load (node:internal/modules/cjs/loader:1119:32)
          at Module._load (node:internal/modules/cjs/loader:960:12)
          at Module.require (node:internal/modules/cjs/loader:1143:19)
          at require (node:internal/modules/cjs/helpers:121:18)
          at Object.<anonymous> (/home/gpt/src/webdav/node_modules/webdav-server/lib/resource/v1/std/ResourceChildren.js:3:16)
          at Module._compile (node:internal/modules/cjs/loader:1256:14)
          at Module._extensions..js (node:internal/modules/cjs/loader:1310:10),
      ExpectedAFileResourceType: Error: Expected a file resource type.
          at Object.<anonymous> (/home/gpt/src/webdav/node_modules/webdav-server/lib/Errors.js:64:32)
          at Module._compile (node:internal/modules/cjs/loader:1256:14)
          at Module._extensions..js (node:internal/modules/cjs/loader:1310:10)
          at Module.load (node:internal/modules/cjs/loader:1119:32)
          at Module._load (node:internal/modules/cjs/loader:960:12)
          at Module.require (node:internal/modules/cjs/loader:1143:19)
          at require (node:internal/modules/cjs/helpers:121:18)
          at Object.<anonymous> (/home/gpt/src/webdav/node_modules/webdav-server/lib/resource/v1/std/ResourceChildren.js:3:16)
          at Module._compile (node:internal/modules/cjs/loader:1256:14)
          at Module._extensions..js (node:internal/modules/cjs/loader:1310:10),
      NoMimeTypeForAFolder: Error: Cannot get the mime type of a folder type resource.
          at Object.<anonymous> (/home/gpt/src/webdav/node_modules/webdav-server/lib/Errors.js:65:27)
          at Module._compile (node:internal/modules/cjs/loader:1256:14)
          at Module._extensions..js (node:internal/modules/cjs/loader:1310:10)
          at Module.load (node:internal/modules/cjs/loader:1119:32)
          at Module._load (node:internal/modules/cjs/loader:960:12)
          at Module.require (node:internal/modules/cjs/loader:1143:19)
          at require (node:internal/modules/cjs/helpers:121:18)
          at Object.<anonymous> (/home/gpt/src/webdav/node_modules/webdav-server/lib/resource/v1/std/ResourceChildren.js:3:16)
          at Module._compile (node:internal/modules/cjs/loader:1256:14)
          at Module._extensions..js (node:internal/modules/cjs/loader:1310:10),
      NoSizeForAFolder: Error: Cannot get the size of a folder type resource.
          at Object.<anonymous> (/home/gpt/src/webdav/node_modules/webdav-server/lib/Errors.js:66:23)
          at Module._compile (node:internal/modules/cjs/loader:1256:14)
          at Module._extensions..js (node:internal/modules/cjs/loader:1310:10)
          at Module.load (node:internal/modules/cjs/loader:1119:32)
          at Module._load (node:internal/modules/cjs/loader:960:12)
          at Module.require (node:internal/modules/cjs/loader:1143:19)
          at require (node:internal/modules/cjs/helpers:121:18)
          at Object.<anonymous> (/home/gpt/src/webdav/node_modules/webdav-server/lib/resource/v1/std/ResourceChildren.js:3:16)
          at Module._compile (node:internal/modules/cjs/loader:1256:14)
          at Module._extensions..js (node:internal/modules/cjs/loader:1310:10),
      IllegalArguments: Error: Illegal arguments.
          at Object.<anonymous> (/home/gpt/src/webdav/node_modules/webdav-server/lib/Errors.js:67:23)
          at Module._compile (node:internal/modules/cjs/loader:1256:14)
          at Module._extensions..js (node:internal/modules/cjs/loader:1310:10)
          at Module.load (node:internal/modules/cjs/loader:1119:32)
          at Module._load (node:internal/modules/cjs/loader:960:12)
          at Module.require (node:internal/modules/cjs/loader:1143:19)
          at require (node:internal/modules/cjs/helpers:121:18)
          at Object.<anonymous> (/home/gpt/src/webdav/node_modules/webdav-server/lib/resource/v1/std/ResourceChildren.js:3:16)
          at Module._compile (node:internal/modules/cjs/loader:1256:14)
          at Module._extensions..js (node:internal/modules/cjs/loader:1310:10),
      MustIgnore: Error: There was an error but it must not stop the processing.
          at Object.<anonymous> (/home/gpt/src/webdav/node_modules/webdav-server/lib/Errors.js:68:17)
          at Module._compile (node:internal/modules/cjs/loader:1256:14)
          at Module._extensions..js (node:internal/modules/cjs/loader:1310:10)
          at Module.load (node:internal/modules/cjs/loader:1119:32)
          at Module._load (node:internal/modules/cjs/loader:960:12)
          at Module.require (node:internal/modules/cjs/loader:1143:19)
          at require (node:internal/modules/cjs/helpers:121:18)
          at Object.<anonymous> (/home/gpt/src/webdav/node_modules/webdav-server/lib/resource/v1/std/ResourceChildren.js:3:16)
          at Module._compile (node:internal/modules/cjs/loader:1256:14)
          at Module._extensions..js (node:internal/modules/cjs/loader:1310:10),
      Locked: Error: The resource is locked, operation forbidden.
          at Object.<anonymous> (/home/gpt/src/webdav/node_modules/webdav-server/lib/Errors.js:69:13)
          at Module._compile (node:internal/modules/cjs/loader:1256:14)
          at Module._extensions..js (node:internal/modules/cjs/loader:1310:10)
          at Module.load (node:internal/modules/cjs/loader:1119:32)
          at Module._load (node:internal/modules/cjs/loader:960:12)
          at Module.require (node:internal/modules/cjs/loader:1143:19)
          at require (node:internal/modules/cjs/helpers:121:18)
          at Object.<anonymous> (/home/gpt/src/webdav/node_modules/webdav-server/lib/resource/v1/std/ResourceChildren.js:3:16)
          at Module._compile (node:internal/modules/cjs/loader:1256:14)
          at Module._extensions..js (node:internal/modules/cjs/loader:1310:10),
      InsufficientStorage: Error: Insufficient storage space.
          at Object.<anonymous> (/home/gpt/src/webdav/node_modules/webdav-server/lib/Errors.js:70:26)
          at Module._compile (node:internal/modules/cjs/loader:1256:14)
          at Module._extensions..js (node:internal/modules/cjs/loader:1310:10)
          at Module.load (node:internal/modules/cjs/loader:1119:32)
          at Module._load (node:internal/modules/cjs/loader:960:12)
          at Module.require (node:internal/modules/cjs/loader:1143:19)
          at require (node:internal/modules/cjs/helpers:121:18)
          at Object.<anonymous> (/home/gpt/src/webdav/node_modules/webdav-server/lib/resource/v1/std/ResourceChildren.js:3:16)
          at Module._compile (node:internal/modules/cjs/loader:1256:14)
          at Module._extensions..js (node:internal/modules/cjs/loader:1310:10),
      IntermediateResourceMissing: Error: One or more intermediate resources are missing for this operation.
          at Object.<anonymous> (/home/gpt/src/webdav/node_modules/webdav-server/lib/Errors.js:71:34)
          at Module._compile (node:internal/modules/cjs/loader:1256:14)
          at Module._extensions..js (node:internal/modules/cjs/loader:1310:10)
          at Module.load (node:internal/modules/cjs/loader:1119:32)
          at Module._load (node:internal/modules/cjs/loader:960:12)
          at Module.require (node:internal/modules/cjs/loader:1143:19)
          at require (node:internal/modules/cjs/helpers:121:18)
          at Object.<anonymous> (/home/gpt/src/webdav/node_modules/webdav-server/lib/resource/v1/std/ResourceChildren.js:3:16)
          at Module._compile (node:internal/modules/cjs/loader:1256:14)
          at Module._extensions..js (node:internal/modules/cjs/loader:1310:10),
      WrongParentTypeForCreation: Error: Cannot create a child resource to a non directory resource.
          at Object.<anonymous> (/home/gpt/src/webdav/node_modules/webdav-server/lib/Errors.js:72:33)
          at Module._compile (node:internal/modules/cjs/loader:1256:14)
          at Module._extensions..js (node:internal/modules/cjs/loader:1310:10)
          at Module.load (node:internal/modules/cjs/loader:1119:32)
          at Module._load (node:internal/modules/cjs/loader:960:12)
          at Module.require (node:internal/modules/cjs/loader:1143:19)
          at require (node:internal/modules/cjs/helpers:121:18)
          at Object.<anonymous> (/home/gpt/src/webdav/node_modules/webdav-server/lib/resource/v1/std/ResourceChildren.js:3:16)
          at Module._compile (node:internal/modules/cjs/loader:1256:14)
          at Module._extensions..js (node:internal/modules/cjs/loader:1310:10),
      NotEnoughPrivilege: Error: Not enough privilege.
          at Object.<anonymous> (/home/gpt/src/webdav/node_modules/webdav-server/lib/Errors.js:73:25)
          at Module._compile (node:internal/modules/cjs/loader:1256:14)
          at Module._extensions..js (node:internal/modules/cjs/loader:1310:10)
          at Module.load (node:internal/modules/cjs/loader:1119:32)
          at Module._load (node:internal/modules/cjs/loader:960:12)
          at Module.require (node:internal/modules/cjs/loader:1143:19)
          at require (node:internal/modules/cjs/helpers:121:18)
          at Object.<anonymous> (/home/gpt/src/webdav/node_modules/webdav-server/lib/resource/v1/std/ResourceChildren.js:3:16)
          at Module._compile (node:internal/modules/cjs/loader:1256:14)
          at Module._extensions..js (node:internal/modules/cjs/loader:1310:10),
      Forbidden: Error: Forbidden operation.
          at Object.<anonymous> (/home/gpt/src/webdav/node_modules/webdav-server/lib/Errors.js:74:16)
          at Module._compile (node:internal/modules/cjs/loader:1256:14)
          at Module._extensions..js (node:internal/modules/cjs/loader:1310:10)
          at Module.load (node:internal/modules/cjs/loader:1119:32)
          at Module._load (node:internal/modules/cjs/loader:960:12)
          at Module.require (node:internal/modules/cjs/loader:1143:19)
          at require (node:internal/modules/cjs/helpers:121:18)
          at Object.<anonymous> (/home/gpt/src/webdav/node_modules/webdav-server/lib/resource/v1/std/ResourceChildren.js:3:16)
          at Module._compile (node:internal/modules/cjs/loader:1256:14)
          at Module._extensions..js (node:internal/modules/cjs/loader:1310:10),
      None: null
    }
  },
  v2: {
    PhysicalFileSystemResource: [Function: PhysicalFileSystemResource],
    PhysicalSerializer: [Function: PhysicalSerializer],
    PhysicalSerializerVersions: { versions: [Object], instances: [Array] },
    PhysicalFileSystem: [Function: PhysicalFileSystem],
    VirtualFileSystemResource: [Function: VirtualFileSystemResource] {
      updateLastModified: [Function (anonymous)]
    },
    VirtualFileReadable: [Function: VirtualFileReadable],
    VirtualFileWritable: [Function: VirtualFileWritable],
    VirtualSerializer: [Function: VirtualSerializer],
    VirtualSerializerVersions: { versions: [Object], instances: [Array] },
    VirtualFileSystem: [Function: VirtualFileSystem],
    FileSystem: [Function: FileSystem] {
      neutralizeEmptyDate: [Function (anonymous)],
      neutralizeEmptyDateCallback: [Function (anonymous)]
    },
    ResourceType: [Function: ResourceType] {
      File: [ResourceType],
      Directory: [ResourceType],
      Hybrid: [ResourceType],
      NoResource: [ResourceType]
    },
    ContextualFileSystem: [Function: ContextualFileSystem],
    LocalLockManager: [Function: LocalLockManager],
    LocalPropertyManager: [Function: LocalPropertyManager],
    Resource: [Function: Resource],
    serialize: [Function: serialize],
    unserialize: [Function: unserialize],
    StandardMethods: [Function: StandardMethods] {
      standardMove: [Function (anonymous)],
      standardCopy: [Function (anonymous)],
      standardMimeType: [Function (anonymous)]
    },
    NoStorageManager: [Function: NoStorageManager],
    PerUserStorageManager: [Function: PerUserStorageManager],
    Path: [Function: Path] { isPath: [Function (anonymous)] },
    WebDAVServerOptions: [Function: WebDAVServerOptions],
    default: [Function: WebDAVServerOptions],
    setDefaultServerOptions: [Function: setDefaultServerOptions],
    HTTPCodes: {
      Continue: 100,
      SwitchingProtocols: 101,
      Processing: 102,
      OK: 200,
      Created: 201,
      Accepted: 202,
      NonAuthoritativeInformation: 203,
      NoContent: 204,
      ResetContent: 205,
      PartialContent: 206,
      MultiStatus: 207,
      MultipleChoices: 300,
      MovedPermanently: 301,
      MovedTemporarily: 302,
      SeeOther: 303,
      NotModified: 304,
      UseProxy: 305,
      TemporaryRedirect: 307,
      BadRequest: 400,
      Unauthorized: 401,
      PaymentRequired: 402,
      Forbidden: 403,
      NotFound: 404,
      MethodNotAllowed: 405,
      NotAcceptable: 406,
      ProxyAuthenticationRequired: 407,
      RequestTimeout: 408,
      Conflict: 409,
      Gone: 410,
      LengthRequired: 411,
      PreconditionFailed: 412,
      RequestEntityTooLarge: 413,
      RequestURITooLarge: 414,
      UnsupportedMediaType: 415,
      RequestedRangeNotSatisfiable: 416,
      ExpectationFailed: 417,
      ImATeapot: 418,
      UnprocessableEntity: 422,
      Locked: 423,
      FailedDependency: 424,
      UnorderedCollection: 425,
      UpgradeRequired: 426,
      PreconditionRequired: 428,
      TooManyRequests: 429,
      RequestHeaderFieldsTooLarge: 431,
      InternalServerError: 500,
      NotImplemented: 501,
      BadGateway: 502,
      ServiceUnavailable: 503,
      GatewayTimeout: 504,
      HTTPVersionNotSupported: 505,
      VariantAlsoNegotiates: 506,
      InsufficientStorage: 507,
      BandwidthLimitExceeded: 509,
      NotExtended: 510,
      NetworkAuthenticationRequired: 511
    },
    RequestContextHeaders: [Function: RequestContextHeaders],
    DefaultRequestContextExternalOptions: [Function: DefaultRequestContextExternalOptions],
    RequestContext: [Function: RequestContext],
    ExternalRequestContext: [Function: ExternalRequestContext] {
      create: [Function (anonymous)]
    },
    HTTPRequestContext: [Function: HTTPRequestContext] {
      create: [Function (anonymous)],
      encodeURL: [Function (anonymous)],
      defaultStatusCode: [Function (anonymous)],
      defaultErrorStatusCodes: [Array]
    },
    WebDAVServer: [Function: WebDAVServer],
    HTTPDigestAuthentication: [Function: HTTPDigestAuthentication],
    HTTPBasicAuthentication: [Function: HTTPBasicAuthentication],
    SimplePathPrivilegeManager: [Function: SimplePathPrivilegeManager],
    PrivilegeManager: [Function: PrivilegeManager],
    SimpleUserManager: [Function: SimpleUserManager],
    SimpleUser: [Function: SimpleUser],
    extractOneToken: [Function: extractOneToken],
    parseIfHeader: [Function: parseIfHeader],
    Workflow: [Function: Workflow],
    WorkflowUnique: [Function: WorkflowUnique],
    LockScope: [Function: LockScope] {
      Shared: [LockScope],
      Exclusive: [LockScope]
    },
    LockKind: [Function: LockKind],
    LockType: [Function: LockType] { Write: [LockType] },
    LockBag: [Function: LockBag],
    Lock: [Function: Lock] { generateUUID: [Function (anonymous)] },
    ManagerNotFound: [Function: ManagerNotFound],
    SerializerNotFound: [Function: SerializerNotFound],
    HTTPError: [Function: HTTPError],
    Errors: {
      BadAuthentication: Error: Bad authentication.
          at Object.<anonymous> (/home/gpt/src/webdav/node_modules/webdav-server/lib/Errors.js:49:24)
          at Module._compile (node:internal/modules/cjs/loader:1256:14)
          at Module._extensions..js (node:internal/modules/cjs/loader:1310:10)
          at Module.load (node:internal/modules/cjs/loader:1119:32)
          at Module._load (node:internal/modules/cjs/loader:960:12)
          at Module.require (node:internal/modules/cjs/loader:1143:19)
          at require (node:internal/modules/cjs/helpers:121:18)
          at Object.<anonymous> (/home/gpt/src/webdav/node_modules/webdav-server/lib/resource/v1/std/ResourceChildren.js:3:16)
          at Module._compile (node:internal/modules/cjs/loader:1256:14)
          at Module._extensions..js (node:internal/modules/cjs/loader:1310:10),
      AuenticationPropertyMissing: Error: Properties are missing.
          at Object.<anonymous> (/home/gpt/src/webdav/node_modules/webdav-server/lib/Errors.js:47:37)
          at Module._compile (node:internal/modules/cjs/loader:1256:14)
          at Module._extensions..js (node:internal/modules/cjs/loader:1310:10)
          at Module.load (node:internal/modules/cjs/loader:1119:32)
          at Module._load (node:internal/modules/cjs/loader:960:12)
          at Module.require (node:internal/modules/cjs/loader:1143:19)
          at require (node:internal/modules/cjs/helpers:121:18)
          at Object.<anonymous> (/home/gpt/src/webdav/node_modules/webdav-server/lib/resource/v1/std/ResourceChildren.js:3:16)
          at Module._compile (node:internal/modules/cjs/loader:1256:14)
          at Module._extensions..js (node:internal/modules/cjs/loader:1310:10),
      AuthenticationPropertyMissing: Error: Properties are missing.
          at Object.<anonymous> (/home/gpt/src/webdav/node_modules/webdav-server/lib/Errors.js:47:37)
          at Module._compile (node:internal/modules/cjs/loader:1256:14)
          at Module._extensions..js (node:internal/modules/cjs/loader:1310:10)
          at Module.load (node:internal/modules/cjs/loader:1119:32)
          at Module._load (node:internal/modules/cjs/loader:960:12)
          at Module.require (node:internal/modules/cjs/loader:1143:19)
          at require (node:internal/modules/cjs/helpers:121:18)
          at Object.<anonymous> (/home/gpt/src/webdav/node_modules/webdav-server/lib/resource/v1/std/ResourceChildren.js:3:16)
          at Module._compile (node:internal/modules/cjs/loader:1256:14)
          at Module._extensions..js (node:internal/modules/cjs/loader:1310:10),
      WrongHeaderFormat: Error: Wrong header format.
          at Object.<anonymous> (/home/gpt/src/webdav/node_modules/webdav-server/lib/Errors.js:52:24)
          at Module._compile (node:internal/modules/cjs/loader:1256:14)
          at Module._extensions..js (node:internal/modules/cjs/loader:1310:10)
          at Module.load (node:internal/modules/cjs/loader:1119:32)
          at Module._load (node:internal/modules/cjs/loader:960:12)
          at Module.require (node:internal/modules/cjs/loader:1143:19)
          at require (node:internal/modules/cjs/helpers:121:18)
          at Object.<anonymous> (/home/gpt/src/webdav/node_modules/webdav-server/lib/resource/v1/std/ResourceChildren.js:3:16)
          at Module._compile (node:internal/modules/cjs/loader:1256:14)
          at Module._extensions..js (node:internal/modules/cjs/loader:1310:10),
      MissingAuthorisationHeader: Error: Missing Authorization header.
          at Object.<anonymous> (/home/gpt/src/webdav/node_modules/webdav-server/lib/Errors.js:53:33)
          at Module._compile (node:internal/modules/cjs/loader:1256:14)
          at Module._extensions..js (node:internal/modules/cjs/loader:1310:10)
          at Module.load (node:internal/modules/cjs/loader:1119:32)
          at Module._load (node:internal/modules/cjs/loader:960:12)
          at Module.require (node:internal/modules/cjs/loader:1143:19)
          at require (node:internal/modules/cjs/helpers:121:18)
          at Object.<anonymous> (/home/gpt/src/webdav/node_modules/webdav-server/lib/resource/v1/std/ResourceChildren.js:3:16)
          at Module._compile (node:internal/modules/cjs/loader:1256:14)
          at Module._extensions..js (node:internal/modules/cjs/loader:1310:10),
      UnrecognizedResource: Error: Unrecognized resource.
          at Object.<anonymous> (/home/gpt/src/webdav/node_modules/webdav-server/lib/Errors.js:54:27)
          at Module._compile (node:internal/modules/cjs/loader:1256:14)
          at Module._extensions..js (node:internal/modules/cjs/loader:1310:10)
          at Module.load (node:internal/modules/cjs/loader:1119:32)
          at Module._load (node:internal/modules/cjs/loader:960:12)
          at Module.require (node:internal/modules/cjs/loader:1143:19)
          at require (node:internal/modules/cjs/helpers:121:18)
          at Object.<anonymous> (/home/gpt/src/webdav/node_modules/webdav-server/lib/resource/v1/std/ResourceChildren.js:3:16)
          at Module._compile (node:internal/modules/cjs/loader:1256:14)
          at Module._extensions..js (node:internal/modules/cjs/loader:1310:10),
      ParentPropertiesMissing: Error: The parent resource must have some special properties.
          at Object.<anonymous> (/home/gpt/src/webdav/node_modules/webdav-server/lib/Errors.js:55:30)
          at Module._compile (node:internal/modules/cjs/loader:1256:14)
          at Module._extensions..js (node:internal/modules/cjs/loader:1310:10)
          at Module.load (node:internal/modules/cjs/loader:1119:32)
          at Module._load (node:internal/modules/cjs/loader:960:12)
          at Module.require (node:internal/modules/cjs/loader:1143:19)
          at require (node:internal/modules/cjs/helpers:121:18)
          at Object.<anonymous> (/home/gpt/src/webdav/node_modules/webdav-server/lib/resource/v1/std/ResourceChildren.js:3:16)
          at Module._compile (node:internal/modules/cjs/loader:1256:14)
          at Module._extensions..js (node:internal/modules/cjs/loader:1310:10),
      InvalidOperation: Error: Invalid operation.
          at Object.<anonymous> (/home/gpt/src/webdav/node_modules/webdav-server/lib/Errors.js:56:23)
          at Module._compile (node:internal/modules/cjs/loader:1256:14)
          at Module._extensions..js (node:internal/modules/cjs/loader:1310:10)
          at Module.load (node:internal/modules/cjs/loader:1119:32)
          at Module._load (node:internal/modules/cjs/loader:960:12)
          at Module.require (node:internal/modules/cjs/loader:1143:19)
          at require (node:internal/modules/cjs/helpers:121:18)
          at Object.<anonymous> (/home/gpt/src/webdav/node_modules/webdav-server/lib/resource/v1/std/ResourceChildren.js:3:16)
          at Module._compile (node:internal/modules/cjs/loader:1256:14)
          at Module._extensions..js (node:internal/modules/cjs/loader:1310:10),
      ResourceAlreadyExists: Error: The resource already exists.
          at Object.<anonymous> (/home/gpt/src/webdav/node_modules/webdav-server/lib/Errors.js:57:28)
          at Module._compile (node:internal/modules/cjs/loader:1256:14)
          at Module._extensions..js (node:internal/modules/cjs/loader:1310:10)
          at Module.load (node:internal/modules/cjs/loader:1119:32)
          at Module._load (node:internal/modules/cjs/loader:960:12)
          at Module.require (node:internal/modules/cjs/loader:1143:19)
          at require (node:internal/modules/cjs/helpers:121:18)
          at Object.<anonymous> (/home/gpt/src/webdav/node_modules/webdav-server/lib/resource/v1/std/ResourceChildren.js:3:16)
          at Module._compile (node:internal/modules/cjs/loader:1256:14)
          at Module._extensions..js (node:internal/modules/cjs/loader:1310:10),
      ResourceNotFound: Error: Can't find the resource.
          at Object.<anonymous> (/home/gpt/src/webdav/node_modules/webdav-server/lib/Errors.js:58:23)
          at Module._compile (node:internal/modules/cjs/loader:1256:14)
          at Module._extensions..js (node:internal/modules/cjs/loader:1310:10)
          at Module.load (node:internal/modules/cjs/loader:1119:32)
          at Module._load (node:internal/modules/cjs/loader:960:12)
          at Module.require (node:internal/modules/cjs/loader:1143:19)
          at require (node:internal/modules/cjs/helpers:121:18)
          at Object.<anonymous> (/home/gpt/src/webdav/node_modules/webdav-server/lib/resource/v1/std/ResourceChildren.js:3:16)
          at Module._compile (node:internal/modules/cjs/loader:1256:14)
          at Module._extensions..js (node:internal/modules/cjs/loader:1310:10),
      CannotLockResource: Error: Can't lock the resource.
          at Object.<anonymous> (/home/gpt/src/webdav/node_modules/webdav-server/lib/Errors.js:59:25)
          at Module._compile (node:internal/modules/cjs/loader:1256:14)
          at Module._extensions..js (node:internal/modules/cjs/loader:1310:10)
          at Module.load (node:internal/modules/cjs/loader:1119:32)
          at Module._load (node:internal/modules/cjs/loader:960:12)
          at Module.require (node:internal/modules/cjs/loader:1143:19)
          at require (node:internal/modules/cjs/helpers:121:18)
          at Object.<anonymous> (/home/gpt/src/webdav/node_modules/webdav-server/lib/resource/v1/std/ResourceChildren.js:3:16)
          at Module._compile (node:internal/modules/cjs/loader:1256:14)
          at Module._extensions..js (node:internal/modules/cjs/loader:1310:10),
      PropertyNotFound: Error: No property with such name.
          at Object.<anonymous> (/home/gpt/src/webdav/node_modules/webdav-server/lib/Errors.js:60:23)
          at Module._compile (node:internal/modules/cjs/loader:1256:14)
          at Module._extensions..js (node:internal/modules/cjs/loader:1310:10)
          at Module.load (node:internal/modules/cjs/loader:1119:32)
          at Module._load (node:internal/modules/cjs/loader:960:12)
          at Module.require (node:internal/modules/cjs/loader:1143:19)
          at require (node:internal/modules/cjs/helpers:121:18)
          at Object.<anonymous> (/home/gpt/src/webdav/node_modules/webdav-server/lib/resource/v1/std/ResourceChildren.js:3:16)
          at Module._compile (node:internal/modules/cjs/loader:1256:14)
          at Module._extensions..js (node:internal/modules/cjs/loader:1310:10),
      AlreadyAuthenticated: Error: Already authenticated.
          at Object.<anonymous> (/home/gpt/src/webdav/node_modules/webdav-server/lib/Errors.js:61:27)
          at Module._compile (node:internal/modules/cjs/loader:1256:14)
          at Module._extensions..js (node:internal/modules/cjs/loader:1310:10)
          at Module.load (node:internal/modules/cjs/loader:1119:32)
          at Module._load (node:internal/modules/cjs/loader:960:12)
          at Module.require (node:internal/modules/cjs/loader:1143:19)
          at require (node:internal/modules/cjs/helpers:121:18)
          at Object.<anonymous> (/home/gpt/src/webdav/node_modules/webdav-server/lib/resource/v1/std/ResourceChildren.js:3:16)
          at Module._compile (node:internal/modules/cjs/loader:1256:14)
          at Module._extensions..js (node:internal/modules/cjs/loader:1310:10),
      UserNotFound: Error: User not found.
          at Object.<anonymous> (/home/gpt/src/webdav/node_modules/webdav-server/lib/Errors.js:62:19)
          at Module._compile (node:internal/modules/cjs/loader:1256:14)
          at Module._extensions..js (node:internal/modules/cjs/loader:1310:10)
          at Module.load (node:internal/modules/cjs/loader:1119:32)
          at Module._load (node:internal/modules/cjs/loader:960:12)
          at Module.require (node:internal/modules/cjs/loader:1143:19)
          at require (node:internal/modules/cjs/helpers:121:18)
          at Object.<anonymous> (/home/gpt/src/webdav/node_modules/webdav-server/lib/resource/v1/std/ResourceChildren.js:3:16)
          at Module._compile (node:internal/modules/cjs/loader:1256:14)
          at Module._extensions..js (node:internal/modules/cjs/loader:1310:10),
      XMLNotFound: Error: Can't find the XML element : 
          at Object.<anonymous> (/home/gpt/src/webdav/node_modules/webdav-server/lib/Errors.js:63:18)
          at Module._compile (node:internal/modules/cjs/loader:1256:14)
          at Module._extensions..js (node:internal/modules/cjs/loader:1310:10)
          at Module.load (node:internal/modules/cjs/loader:1119:32)
          at Module._load (node:internal/modules/cjs/loader:960:12)
          at Module.require (node:internal/modules/cjs/loader:1143:19)
          at require (node:internal/modules/cjs/helpers:121:18)
          at Object.<anonymous> (/home/gpt/src/webdav/node_modules/webdav-server/lib/resource/v1/std/ResourceChildren.js:3:16)
          at Module._compile (node:internal/modules/cjs/loader:1256:14)
          at Module._extensions..js (node:internal/modules/cjs/loader:1310:10),
      ExpectedAFileResourceType: Error: Expected a file resource type.
          at Object.<anonymous> (/home/gpt/src/webdav/node_modules/webdav-server/lib/Errors.js:64:32)
          at Module._compile (node:internal/modules/cjs/loader:1256:14)
          at Module._extensions..js (node:internal/modules/cjs/loader:1310:10)
          at Module.load (node:internal/modules/cjs/loader:1119:32)
          at Module._load (node:internal/modules/cjs/loader:960:12)
          at Module.require (node:internal/modules/cjs/loader:1143:19)
          at require (node:internal/modules/cjs/helpers:121:18)
          at Object.<anonymous> (/home/gpt/src/webdav/node_modules/webdav-server/lib/resource/v1/std/ResourceChildren.js:3:16)
          at Module._compile (node:internal/modules/cjs/loader:1256:14)
          at Module._extensions..js (node:internal/modules/cjs/loader:1310:10),
      NoMimeTypeForAFolder: Error: Cannot get the mime type of a folder type resource.
          at Object.<anonymous> (/home/gpt/src/webdav/node_modules/webdav-server/lib/Errors.js:65:27)
          at Module._compile (node:internal/modules/cjs/loader:1256:14)
          at Module._extensions..js (node:internal/modules/cjs/loader:1310:10)
          at Module.load (node:internal/modules/cjs/loader:1119:32)
          at Module._load (node:internal/modules/cjs/loader:960:12)
          at Module.require (node:internal/modules/cjs/loader:1143:19)
          at require (node:internal/modules/cjs/helpers:121:18)
          at Object.<anonymous> (/home/gpt/src/webdav/node_modules/webdav-server/lib/resource/v1/std/ResourceChildren.js:3:16)
          at Module._compile (node:internal/modules/cjs/loader:1256:14)
          at Module._extensions..js (node:internal/modules/cjs/loader:1310:10),
      NoSizeForAFolder: Error: Cannot get the size of a folder type resource.
          at Object.<anonymous> (/home/gpt/src/webdav/node_modules/webdav-server/lib/Errors.js:66:23)
          at Module._compile (node:internal/modules/cjs/loader:1256:14)
          at Module._extensions..js (node:internal/modules/cjs/loader:1310:10)
          at Module.load (node:internal/modules/cjs/loader:1119:32)
          at Module._load (node:internal/modules/cjs/loader:960:12)
          at Module.require (node:internal/modules/cjs/loader:1143:19)
          at require (node:internal/modules/cjs/helpers:121:18)
          at Object.<anonymous> (/home/gpt/src/webdav/node_modules/webdav-server/lib/resource/v1/std/ResourceChildren.js:3:16)
          at Module._compile (node:internal/modules/cjs/loader:1256:14)
          at Module._extensions..js (node:internal/modules/cjs/loader:1310:10),
      IllegalArguments: Error: Illegal arguments.
          at Object.<anonymous> (/home/gpt/src/webdav/node_modules/webdav-server/lib/Errors.js:67:23)
          at Module._compile (node:internal/modules/cjs/loader:1256:14)
          at Module._extensions..js (node:internal/modules/cjs/loader:1310:10)
          at Module.load (node:internal/modules/cjs/loader:1119:32)
          at Module._load (node:internal/modules/cjs/loader:960:12)
          at Module.require (node:internal/modules/cjs/loader:1143:19)
          at require (node:internal/modules/cjs/helpers:121:18)
          at Object.<anonymous> (/home/gpt/src/webdav/node_modules/webdav-server/lib/resource/v1/std/ResourceChildren.js:3:16)
          at Module._compile (node:internal/modules/cjs/loader:1256:14)
          at Module._extensions..js (node:internal/modules/cjs/loader:1310:10),
      MustIgnore: Error: There was an error but it must not stop the processing.
          at Object.<anonymous> (/home/gpt/src/webdav/node_modules/webdav-server/lib/Errors.js:68:17)
          at Module._compile (node:internal/modules/cjs/loader:1256:14)
          at Module._extensions..js (node:internal/modules/cjs/loader:1310:10)
          at Module.load (node:internal/modules/cjs/loader:1119:32)
          at Module._load (node:internal/modules/cjs/loader:960:12)
          at Module.require (node:internal/modules/cjs/loader:1143:19)
          at require (node:internal/modules/cjs/helpers:121:18)
          at Object.<anonymous> (/home/gpt/src/webdav/node_modules/webdav-server/lib/resource/v1/std/ResourceChildren.js:3:16)
          at Module._compile (node:internal/modules/cjs/loader:1256:14)
          at Module._extensions..js (node:internal/modules/cjs/loader:1310:10),
      Locked: Error: The resource is locked, operation forbidden.
          at Object.<anonymous> (/home/gpt/src/webdav/node_modules/webdav-server/lib/Errors.js:69:13)
          at Module._compile (node:internal/modules/cjs/loader:1256:14)
          at Module._extensions..js (node:internal/modules/cjs/loader:1310:10)
          at Module.load (node:internal/modules/cjs/loader:1119:32)
          at Module._load (node:internal/modules/cjs/loader:960:12)
          at Module.require (node:internal/modules/cjs/loader:1143:19)
          at require (node:internal/modules/cjs/helpers:121:18)
          at Object.<anonymous> (/home/gpt/src/webdav/node_modules/webdav-server/lib/resource/v1/std/ResourceChildren.js:3:16)
          at Module._compile (node:internal/modules/cjs/loader:1256:14)
          at Module._extensions..js (node:internal/modules/cjs/loader:1310:10),
      InsufficientStorage: Error: Insufficient storage space.
          at Object.<anonymous> (/home/gpt/src/webdav/node_modules/webdav-server/lib/Errors.js:70:26)
          at Module._compile (node:internal/modules/cjs/loader:1256:14)
          at Module._extensions..js (node:internal/modules/cjs/loader:1310:10)
          at Module.load (node:internal/modules/cjs/loader:1119:32)
          at Module._load (node:internal/modules/cjs/loader:960:12)
          at Module.require (node:internal/modules/cjs/loader:1143:19)
          at require (node:internal/modules/cjs/helpers:121:18)
          at Object.<anonymous> (/home/gpt/src/webdav/node_modules/webdav-server/lib/resource/v1/std/ResourceChildren.js:3:16)
          at Module._compile (node:internal/modules/cjs/loader:1256:14)
          at Module._extensions..js (node:internal/modules/cjs/loader:1310:10),
      IntermediateResourceMissing: Error: One or more intermediate resources are missing for this operation.
          at Object.<anonymous> (/home/gpt/src/webdav/node_modules/webdav-server/lib/Errors.js:71:34)
          at Module._compile (node:internal/modules/cjs/loader:1256:14)
          at Module._extensions..js (node:internal/modules/cjs/loader:1310:10)
          at Module.load (node:internal/modules/cjs/loader:1119:32)
          at Module._load (node:internal/modules/cjs/loader:960:12)
          at Module.require (node:internal/modules/cjs/loader:1143:19)
          at require (node:internal/modules/cjs/helpers:121:18)
          at Object.<anonymous> (/home/gpt/src/webdav/node_modules/webdav-server/lib/resource/v1/std/ResourceChildren.js:3:16)
          at Module._compile (node:internal/modules/cjs/loader:1256:14)
          at Module._extensions..js (node:internal/modules/cjs/loader:1310:10),
      WrongParentTypeForCreation: Error: Cannot create a child resource to a non directory resource.
          at Object.<anonymous> (/home/gpt/src/webdav/node_modules/webdav-server/lib/Errors.js:72:33)
          at Module._compile (node:internal/modules/cjs/loader:1256:14)
          at Module._extensions..js (node:internal/modules/cjs/loader:1310:10)
          at Module.load (node:internal/modules/cjs/loader:1119:32)
          at Module._load (node:internal/modules/cjs/loader:960:12)
          at Module.require (node:internal/modules/cjs/loader:1143:19)
          at require (node:internal/modules/cjs/helpers:121:18)
          at Object.<anonymous> (/home/gpt/src/webdav/node_modules/webdav-server/lib/resource/v1/std/ResourceChildren.js:3:16)
          at Module._compile (node:internal/modules/cjs/loader:1256:14)
          at Module._extensions..js (node:internal/modules/cjs/loader:1310:10),
      NotEnoughPrivilege: Error: Not enough privilege.
          at Object.<anonymous> (/home/gpt/src/webdav/node_modules/webdav-server/lib/Errors.js:73:25)
          at Module._compile (node:internal/modules/cjs/loader:1256:14)
          at Module._extensions..js (node:internal/modules/cjs/loader:1310:10)
          at Module.load (node:internal/modules/cjs/loader:1119:32)
          at Module._load (node:internal/modules/cjs/loader:960:12)
          at Module.require (node:internal/modules/cjs/loader:1143:19)
          at require (node:internal/modules/cjs/helpers:121:18)
          at Object.<anonymous> (/home/gpt/src/webdav/node_modules/webdav-server/lib/resource/v1/std/ResourceChildren.js:3:16)
          at Module._compile (node:internal/modules/cjs/loader:1256:14)
          at Module._extensions..js (node:internal/modules/cjs/loader:1310:10),
      Forbidden: Error: Forbidden operation.
          at Object.<anonymous> (/home/gpt/src/webdav/node_modules/webdav-server/lib/Errors.js:74:16)
          at Module._compile (node:internal/modules/cjs/loader:1256:14)
          at Module._extensions..js (node:internal/modules/cjs/loader:1310:10)
          at Module.load (node:internal/modules/cjs/loader:1119:32)
          at Module._load (node:internal/modules/cjs/loader:960:12)
          at Module.require (node:internal/modules/cjs/loader:1143:19)
          at require (node:internal/modules/cjs/helpers:121:18)
          at Object.<anonymous> (/home/gpt/src/webdav/node_modules/webdav-server/lib/resource/v1/std/ResourceChildren.js:3:16)
          at Module._compile (node:internal/modules/cjs/loader:1256:14)
          at Module._extensions..js (node:internal/modules/cjs/loader:1310:10),
      None: null
    },
    extensions: { express: [Function: express] }
  }
}
